<?xml version="1.0" encoding="UTF-8"?>
<testsuite xmlns:xsi="http://www.w3.org/2001/XMLSchema-instance" xsi:noNamespaceSchemaLocation="https://maven.apache.org/surefire/maven-surefire-plugin/xsd/surefire-test-report-3.0.xsd" version="3.0" name="com.financetracker.cli.CliEndToEndTest" time="5.947" tests="7" errors="0" skipped="0" failures="0">
  <properties>
[...]
</properties>
  <testcase name="list_emptyDatabase_friendlyMessage" classname="com.financetracker.cli.CliEndToEndTest" time="5.404"/>
  <testcase name="addExpense_missingCategory_rejected" classname="com.financetracker.cli.CliEndToEndTest" time="0.118"/>
  <testcase name="filter_narrowsByCategory" classname="com.financetracker.cli.CliEndToEndTest" time="0.082"/>
  <testcase name="addExpense_negativeAmount_rejected" classname="com.financetracker.cli.CliEndToEndTest" time="0.037"/>
  <testcase name="addExpense_thenList_showsTransaction" classname="com.financetracker.cli.CliEndToEndTest" time="0.042"/>
  <testcase name="addIncome_thenSummary_reflectsBalance" classname="com.financetracker.cli.CliEndToEndTest" time="0.057"/>
  <testcase name="filter_invalidType_rejected" classname="com.financetracker.cli.CliEndToEndTest" time="0.031"/>
</testsuite>